100 11000 15 20
00222222222222222222
02222222222222222222
02222222222222222222
02222221122222222222
02222221111122222222
02222222111112222222
02222222111111222222
02222222211111222222
02222222221111122222
02222222222111122222
02222222222221222222
00222222222222222222
00022222222222222222
00000022222222222222
00000000002222222222
B 2 2 7|B 1 0 2|B 3 8 18|B 3 8 19|


B 2 0 3|



B 3 0 4|


B 3 0 5|

B 3 0 6|

B 3 0 7|

B 3 0 8|
B 3 0 9|
B 3 0 10|
B 3 0 11|
B 3 0 12|
B 3 0 13|
B 3 0 14|B 3 0 15|
B 3 0 16|
B 3 0 17|B 3 0 18|
B 3 0 19|







U 0 2|B 2 1 1|
B 3 1 2|B 3 1 3|B 3 1 4|B 2 1 5|
B 3 1 6|
B 3 1 7|
B 3 1 8|
B 3 1 9|
B 3 1 10|
B 2 1 11|
B 1 14 19|
B 2 1 12|
U 14 19|
B 2 1 13|B 3 1 14|B 3 1 15|B 3 1 16|B 3 1 17|B 3 1 18|B 3 1 19|B 3 2 1|B 3 2 2|B 3 2 3|B 3 2 4|B 3 2 5|























































