100 11000 15 20
00222222222222222222
02222222222222222222
02222222222222222222
02222221122222222222
02222221111122222222
02222222111112222222
02222222111111222222
02222222211111222222
02222222221111122222
02222222222111122222
02222222222221222222
00222222222222222222
00022222222222222222
00000022222222222222
00000000002222222222
B 2 2 7|B 1 0 2|B 3 8 18|B 3 8 19|


B 2 0 3|



B 3 0 4|


B 3 0 5|

B 3 0 6|

B 3 0 7|

B 3 0 8|
B 3 0 9|
B 3 0 10|
B 3 0 11|
B 3 0 12|
B 3 0 13|
B 3 0 15|
B 3 0 14|
B 3 0 17|
B 3 0 16|







U 0 2|B 2 0 18|
B 3 0 19|B 3 1 1|B 3 1 2|B 2 1 3|
B 3 1 4|
B 3 1 5|
B 3 1 6|
B 3 1 7|
B 3 1 8|
B 2 1 9|
B 2 1 10|
B 1 14 19|

U 14 19|
B 2 1 11|B 3 1 12|B 3 1 13|B 3 1 14|B 3 1 15|B 3 1 16|B 3 1 17|B 3 1 18|B 3 1 19|B 3 2 1|
B 3 2 2|B 3 2 3|B 3 2 4|B 3 2 5|B 3 2 6|B 3 2 8|B 3 2 9|B 3 2 10|B 3 2 11|B 3 2 12|B 3 2 13|B 3 2 14|B 3 2 15|B 3 2 16|B 3 2 17|B 3 2 18|B 3 2 19|
B 3 3 1|B 3 3 2|B 3 3 3|B 3 3 4|B 3 3 5|B 3 3 6|B 3 3 9|B 3 3 10|B 3 3 11|B 3 3 12|B 3 3 13|B 3 3 14|B 3 3 15|B 3 3 16|B 3 3 17|B 3 3 18|B 3 3 19|B 3 4 1|B 3 4 2|B 3 4 3|B 3 4 4|B 3 4 5|B 3 4 6|
B 3 4 12|B 3 4 13|B 3 4 14|B 3 4 15|B 3 4 16|B 3 4 17|B 3 4 18|B 3 4 19|B 3 5 1|B 3 5 2|B 3 5 3|B 3 5 4|B 3 5 5|B 3 5 6|B 3 5 7|B 3 5 13|B 3 5 14|B 3 5 15|B 3 5 16|B 3 5 17|B 3 5 18|B 3 5 19|B 3 6 1|B 3 6 2|B 3 6 3|B 3 6 4|B 3 6 5|B 3 6 6|B 3 6 7|B 3 6 14|B 3 6 15|B 3 6 16|B 3 6 17|B 3 6 18|
B 3 6 19|B 3 7 1|B 3 7 2|B 3 7 3|B 3 7 4|B 3 7 5|B 3 7 6|B 3 7 7|B 3 7 8|B 3 7 14|B 3 7 15|B 3 7 16|B 3 7 17|B 3 7 18|B 3 7 19|B 3 8 1|B 3 8 2|B 3 8 3|B 3 8 4|B 3 8 5|B 3 8 6|B 3 8 7|B 3 8 8|B 3 8 9|B 3 8 15|B 3 8 16|B 3 8 17|B 3 9 1|B 3 9 2|B 3 9 3|B 3 9 4|B 3 9 5|B 3 9 6|B 3 9 7|B 3 9 8|B 3 9 9|B 3 9 10|B 3 9 15|B 3 9 16|B 3 9 17|B 3 9 18|B 3 9 19|B 3 10 1|B 3 10 2|B 3 10 3|B 3 10 4|B 3 10 5|B 3 10 6|B 3 10 7|B 3 10 8|
B 3 10 9|B 3 10 10|B 3 10 11|B 3 10 12|B 3 10 14|B 3 10 15|B 3 10 16|B 3 10 17|B 3 10 18|B 3 10 19|B 3 11 2|B 3 11 3|B 3 11 4|B 3 11 5|B 3 11 6|B 3 11 7|B 3 11 8|B 3 11 9|B 3 11 10|B 3 11 11|B 3 11 12|B 3 11 13|B 3 11 14|B 3 11 15|B 3 11 16|B 3 11 17|B 3 11 18|B 3 11 19|B 3 12 3|B 3 12 4|B 3 12 5|B 3 12 6|B 3 12 7|B 3 12 8|B 3 12 9|B 3 12 10|B 3 12 11|B 3 12 12|B 3 12 13|B 3 12 14|B 3 12 15|B 3 12 16|B 3 12 17|B 3 12 18|B 3 12 19|B 3 13 6|B 3 13 7|B 3 13 8|B 3 13 9|B 3 13 10|B 3 13 11|B 3 13 12|B 3 13 13|B 3 13 14|B 3 13 15|B 3 13 16|B 3 13 17|B 3 13 18|B 3 13 19|B 3 14 10|B 3 14 11|B 3 14 12|B 3 14 13|B 3 14 14|B 3 14 15|B 3 14 16|B 3 14 17|B 3 14 18|

















































